1622305047106	geckodriver	INFO	Listening on 127.0.0.1:63538
1622305050155	mozrunner::runner	INFO	Running command: "C:\\Program Files\\Mozilla Firefox\\firefox.exe" "--marionette" "-headless" "-foreground" "-no-remote" "-profile" "C:\\Users\\Admin\\AppData\\Local\\Temp\\rust_mozprofileiNUFdQ"
*** You are running in headless mode.
1622305050534	Marionette	INFO	Marionette enabled
console.warn: SearchSettings: "get: No settings file exists, new profile?" (new Error("", "(unknown module)"))
1622305051606	Marionette	INFO	Listening on port 60769
1622305051704	Marionette	WARN	TLS certificate errors will be ignored for this session
Exiting due to channel error.
Listening on 127.0.0.1:58403
1622305129674	mozrunner::runner	INFO	Running command: "C:\\Program Files\\Mozilla Firefox\\firefox.exe" "--marionette" "-headless" "-foreground" "-no-remote" "-profile" "C:\\Users\\Admin\\AppData\\Local\\Temp\\rust_mozprofilepZlzAZ"
*** You are running in headless mode.
1622305130037	Marionette	INFO	Marionette enabled
console.warn: SearchSettings: "get: No settings file exists, new profile?" (new Error("", "(unknown module)"))
1622305131146	Marionette	INFO	Listening on port 63825
1622305131235	Marionette	WARN	TLS certificate errors will be ignored for this session
1622305221060	geckodriver	INFO	Listening on 127.0.0.1:54498
1622305224124	mozrunner::runner	INFO	Running command: "C:\\Program Files\\Mozilla Firefox\\firefox.exe" "--marionette" "-foreground" "-no-remote" "-profile" "C:\\Users\\Admin\\AppData\\Local\\Temp\\rust_mozprofileaE0EAD"
1622305224503	Marionette	INFO	Marionette enabled
console.warn: SearchSettings: "get: No settings file exists, new profile?" (new Error("", "(unknown module)"))
1622305226491	Marionette	INFO	Listening on port 59240
1622305226785	Marionette	WARN	TLS certificate errors will be ignored for this session
1622305352562	Marionette	INFO	Stopped listening on port 59240

###!!! [Child][RunMessage] Error: Channel closing: too late to send/recv, messages will be lost

"--marionette" "-foreground" "-no-remote" "-profile" "C:\\Users\\Admin\\AppData\\Local\\Temp\\rust_mozprofile9UTVZk"
1622305278860	Marionette	INFO	Marionette enabled
console.warn: SearchSettings: "get: No settings file exists, new profile?" (new Error("", "(unknown module)"))
1622305280613	Marionette	INFO	Listening on port 51859
1622305280695	Marionette	WARN	TLS certificate errors will be ignored for this session
1622305349963	Marionette	INFO	Stopped listening on port 51859

###!!! [Child][RunMessage] Error: Channel closing: too late to send/recv, messages will be lost

"--marionette" "-foreground" "-no-remote" "-profile" "C:\\Users\\Admin\\AppData\\Local\\Temp\\rust_mozprofilewygocq"
1622305321577	Marionette	INFO	Marionette enabled
console.warn: SearchSettings: "get: No settings file exists, new profile?" (new Error("", "(unknown module)"))
1622305323639	Marionette	INFO	Listening on port 61115
1622305323884	Marionette	WARN	TLS certificate errors will be ignored for this session
1622305337103	Marionette	INFO	Stopped listening on port 61115

###!!! [Child][RunMessage] Error: Channel closing: too late to send/recv, messages will be lost

1622305421490	geckodriver	INFO	Listening on 127.0.0.1:63433
1622305424553	mozrunner::runner	INFO	Running command: "C:\\Program Files\\Mozilla Firefox\\firefox.exe" "--marionette" "-foreground" "-no-remote" "-profile" "C:\\Users\\Admin\\AppData\\Local\\Temp\\rust_mozprofilerBMeX6"
1622305424889	Marionette	INFO	Marionette enabled
console.warn: SearchSettings: "get: No settings file exists, new profile?" (new Error("", "(unknown module)"))
1622305426787	Marionette	INFO	Listening on port 49926
1622305427240	Marionette	WARN	TLS certificate errors will be ignored for this session
1622305510163	Marionette	INFO	Stopped listening on port 49926

###!!! [Child][RunMessage] Error: Channel closing: too late to send/recv, messages will be lost

"--marionette" "-foreground" "-no-remote" "-profile" "C:\\Users\\Admin\\AppData\\Local\\Temp\\rust_mozprofile4v2NDp"
1622305480614	Marionette	INFO	Marionette enabled
console.warn: SearchSettings: "get: No settings file exists, new profile?" (new Error("", "(unknown module)"))
1622305482488	Marionette	INFO	Listening on port 64717
1622305482951	Marionette	WARN	TLS certificate errors will be ignored for this session
JavaScript error: , line 0: NotFoundError: No such JSWindowActor 'MarionetteEvents'
1622305497987	Marionette	INFO	Stopped listening on port 64717

###!!! [Child][RunMessage] Error: Channel closing: too late to send/recv, messages will be lost

1622305625575	geckodriver	INFO	Listening on 127.0.0.1:60872
1622305628619	mozrunner::runner	INFO	Running command: "C:\\Program Files\\Mozilla Firefox\\firefox.exe" "--marionette" "-headless" "-foreground" "-no-remote" "-profile" "C:\\Users\\Admin\\AppData\\Local\\Temp\\rust_mozprofileTw6wFL"
*** You are running in headless mode.
1622305628978	Marionette	INFO	Marionette enabled
console.warn: SearchSettings: "get: No settings file exists, new profile?" (new Error("", "(unknown module)"))
1622305629911	Marionette	INFO	Listening on port 51728
1622305630149	Marionette	WARN	TLS certificate errors will be ignored for this session
Exiting due to channel error.
Exiting due to channel error.
22305667981	mozrunner::runner	INFO	Running command: "C:\\Program Files\\Mozilla Firefox\\firefox.exe" "--marionette" "-headless" "-foreground" "-no-remote" "-profile" "C:\\Users\\Admin\\AppData\\Local\\Temp\\rust_mozprofilesPOKB6"
*** You are running in headless mode.
1622305668320	Marionette	INFO	Marionette enabled
console.warn: SearchSettings: "get: No settings file exists, new profile?" (new Error("", "(unknown module)"))
1622305669210	Marionette	INFO	Listening on port 52295
1622305669515	Marionette	WARN	TLS certificate errors will be ignored for this session
Exiting due to channel error.
Exiting due to channel error.
Exiting due to channel error.
1622370585009	geckodriver	INFO	Listening on 127.0.0.1:63539
1622370588068	mozrunner::runner	INFO	Running command: "C:\\Program Files\\Mozilla Firefox\\firefox.exe" "--marionette" "-headless" "-foreground" "-no-remote" "-profile" "C:\\Users\\Admin\\AppData\\Local\\Temp\\rust_mozprofilenJzxZ5"
*** You are running in headless mode.
1622370589175	Marionette	INFO	Marionette enabled
console.warn: SearchSettings: "get: No settings file exists, new profile?" (new Error("", "(unknown module)"))
1622370591833	Marionette	INFO	Listening on port 63547
[Parent 9908, IPC I/O Parent] WARNING: file /builds/worker/checkouts/gecko/ipc/chromium/src/base/process_util_win.cc:167
1622370592295	Marionette	WARN	TLS certificate errors will be ignored for this session
1622370670324	geckodriver	INFO	Listening on 127.0.0.1:58562
1622370673396	mozrunner::runner	INFO	Running command: "C:\\Program Files\\Mozilla Firefox\\firefox.exe" "--marionette" "-headless" "-foreground" "-no-remote" "-profile" "C:\\Users\\Admin\\AppData\\Local\\Temp\\rust_mozprofilerTu9Ra"
*** You are running in headless mode.
1622370673799	Marionette	INFO	Marionette enabled
console.warn: SearchSettings: "get: No settings file exists, new profile?" (new Error("", "(unknown module)"))
1622370678137	Marionette	INFO	Listening on port 58570
1622370678259	Marionette	WARN	TLS certificate errors will be ignored for this session
1622371122713	geckodriver	INFO	Listening on 127.0.0.1:52313
1622371125781	mozrunner::runner	INFO	Running command: "C:\\Program Files\\Mozilla Firefox\\firefox.exe" "--marionette" "-headless" "-foreground" "-no-remote" "-profile" "C:\\Users\\Admin\\AppData\\Local\\Temp\\rust_mozprofileIdU9Gb"
*** You are running in headless mode.
1622371126173	Marionette	INFO	Marionette enabled
console.warn: SearchSettings: "get: No settings file exists, new profile?" (new Error("", "(unknown module)"))
1622371127050	Marionette	INFO	Listening on port 52321
1622371127323	Marionette	WARN	TLS certificate errors will be ignored for this session
Exiting due to channel error.
Listening on 127.0.0.1:55778
1622371648498	mozrunner::runner	INFO	Running command: "C:\\Program Files\\Mozilla Firefox\\firefox.exe" "--marionette" "-headless" "-foreground" "-no-remote" "-profile" "C:\\Users\\Admin\\AppData\\Local\\Temp\\rust_mozprofilewSuSq6"
*** You are running in headless mode.
1622371648859	Marionette	INFO	Marionette enabled
console.warn: SearchSettings: "get: No settings file exists, new profile?" (new Error("", "(unknown module)"))
1622371649748	Marionette	INFO	Listening on port 55787
1622371650041	Marionette	WARN	TLS certificate errors will be ignored for this session
1622371763915	geckodriver	INFO	Listening on 127.0.0.1:51770
1622371766991	mozrunner::runner	INFO	Running command: "C:\\Program Files\\Mozilla Firefox\\firefox.exe" "--marionette" "-headless" "-foreground" "-no-remote" "-profile" "C:\\Users\\Admin\\AppData\\Local\\Temp\\rust_mozprofilefTZl00"
*** You are running in headless mode.
1622371767450	Marionette	INFO	Marionette enabled
console.warn: SearchSettings: "get: No settings file exists, new profile?" (new Error("", "(unknown module)"))
1622371768357	Marionette	INFO	Listening on port 51785
1622371768547	Marionette	WARN	TLS certificate errors will be ignored for this session
console.error: Region.jsm: "Error fetching region" (new Error("TIMEOUT", "resource://gre/modules/Region.jsm", 772))
console.error: Region.jsm: "Failed to fetch region" (new Error("TIMEOUT", "resource://gre/modules/Region.jsm", 419))
Exiting due to channel error.
Exiting due to channel error.
22371910277	mozrunner::runner	INFO	Running command: "C:\\Program Files\\Mozilla Firefox\\firefox.exe" "--marionette" "-headless" "-foreground" "-no-remote" "-profile" "C:\\Users\\Admin\\AppData\\Local\\Temp\\rust_mozprofileIkAyvD"
*** You are running in headless mode.
1622371910606	Marionette	INFO	Marionette enabled
console.warn: SearchSettings: "get: No settings file exists, new profile?" (new Error("", "(unknown module)"))
1622371911556	Marionette	INFO	Listening on port 59173
1622371911815	Marionette	WARN	TLS certificate errors will be ignored for this session
1622371985593	geckodriver	INFO	Listening on 127.0.0.1:61595
1622371988643	mozrunner::runner	INFO	Running command: "C:\\Program Files\\Mozilla Firefox\\firefox.exe" "--marionette" "-headless" "-foreground" "-no-remote" "-profile" "C:\\Users\\Admin\\AppData\\Local\\Temp\\rust_mozprofile2hNOnD"
*** You are running in headless mode.
1622371988978	Marionette	INFO	Marionette enabled
console.warn: SearchSettings: "get: No settings file exists, new profile?" (new Error("", "(unknown module)"))
1622371989874	Marionette	INFO	Listening on port 61606
1622371990173	Marionette	WARN	TLS certificate errors will be ignored for this session
Exiting due to channel error.
Listening on 127.0.0.1:57568
1622372575596	mozrunner::runner	INFO	Running command: "C:\\Program Files\\Mozilla Firefox\\firefox.exe" "--marionette" "-headless" "-foreground" "-no-remote" "-profile" "C:\\Users\\Admin\\AppData\\Local\\Temp\\rust_mozprofileCpPDAN"
*** You are running in headless mode.
1622372575934	Marionette	INFO	Marionette enabled
console.warn: SearchSettings: "get: No settings file exists, new profile?" (new Error("", "(unknown module)"))
1622372576933	Marionette	INFO	Listening on port 57578
1622372577131	Marionette	WARN	TLS certificate errors will be ignored for this session
1622372605042	geckodriver	INFO	Listening on 127.0.0.1:57703
1622372608115	mozrunner::runner	INFO	Running command: "C:\\Program Files\\Mozilla Firefox\\firefox.exe" "--marionette" "-headless" "-foreground" "-no-remote" "-profile" "C:\\Users\\Admin\\AppData\\Local\\Temp\\rust_mozprofilesBN2Xg"
*** You are running in headless mode.
1622372608449	Marionette	INFO	Marionette enabled
console.warn: SearchSettings: "get: No settings file exists, new profile?" (new Error("", "(unknown module)"))
1622372609465	Marionette	INFO	Listening on port 57720
1622372609653	Marionette	WARN	TLS certificate errors will be ignored for this session
Exiting due to channel error.
Listening on 127.0.0.1:59445
1622372721730	mozrunner::runner	INFO	Running command: "C:\\Program Files\\Mozilla Firefox\\firefox.exe" "--marionette" "-headless" "-foreground" "-no-remote" "-profile" "C:\\Users\\Admin\\AppData\\Local\\Temp\\rust_mozprofile3n29lD"
*** You are running in headless mode.
1622372722073	Marionette	INFO	Marionette enabled
console.warn: SearchSettings: "get: No settings file exists, new profile?" (new Error("", "(unknown module)"))
1622372722982	Marionette	INFO	Listening on port 59457
1622372723277	Marionette	WARN	TLS certificate errors will be ignored for this session
Exiting due to channel error.
Listening on 127.0.0.1:53845
1622372806148	mozrunner::runner	INFO	Running command: "C:\\Program Files\\Mozilla Firefox\\firefox.exe" "--marionette" "-headless" "-foreground" "-no-remote" "-profile" "C:\\Users\\Admin\\AppData\\Local\\Temp\\rust_mozprofileEhWdSt"
*** You are running in headless mode.
1622372806484	Marionette	INFO	Marionette enabled
console.warn: SearchSettings: "get: No settings file exists, new profile?" (new Error("", "(unknown module)"))
1622372807390	Marionette	INFO	Listening on port 53856
1622372807678	Marionette	WARN	TLS certificate errors will be ignored for this session
Exiting due to channel error.
Listening on 127.0.0.1:64094
1622372941889	mozrunner::runner	INFO	Running command: "C:\\Program Files\\Mozilla Firefox\\firefox.exe" "--marionette" "-headless" "-foreground" "-no-remote" "-profile" "C:\\Users\\Admin\\AppData\\Local\\Temp\\rust_mozprofilel0KqCM"
*** You are running in headless mode.
1622372942217	Marionette	INFO	Marionette enabled
console.warn: SearchSettings: "get: No settings file exists, new profile?" (new Error("", "(unknown module)"))
1622372943073	Marionette	INFO	Listening on port 64102
1622372943450	Marionette	WARN	TLS certificate errors will be ignored for this session
Exiting due to channel error.
Listening on 127.0.0.1:50745
1622373097808	mozrunner::runner	INFO	Running command: "C:\\Program Files\\Mozilla Firefox\\firefox.exe" "--marionette" "-headless" "-foreground" "-no-remote" "-profile" "C:\\Users\\Admin\\AppData\\Local\\Temp\\rust_mozprofileZ1rxII"
*** You are running in headless mode.
1622373098142	Marionette	INFO	Marionette enabled
console.warn: SearchSettings: "get: No settings file exists, new profile?" (new Error("", "(unknown module)"))
1622373099083	Marionette	INFO	Listening on port 50753
1622373099353	Marionette	WARN	TLS certificate errors will be ignored for this session
Exiting due to channel error.
Listening on 127.0.0.1:60208
1622373303687	mozrunner::runner	INFO	Running command: "C:\\Program Files\\Mozilla Firefox\\firefox.exe" "--marionette" "-headless" "-foreground" "-no-remote" "-profile" "C:\\Users\\Admin\\AppData\\Local\\Temp\\rust_mozprofileqHd80V"
*** You are running in headless mode.
1622373304018	Marionette	INFO	Marionette enabled
console.warn: SearchSettings: "get: No settings file exists, new profile?" (new Error("", "(unknown module)"))
1622373304925	Marionette	INFO	Listening on port 60216
1622373305246	Marionette	WARN	TLS certificate errors will be ignored for this session
Exiting due to channel error.
Listening on 127.0.0.1:56820
1622373332539	mozrunner::runner	INFO	Running command: "C:\\Program Files\\Mozilla Firefox\\firefox.exe" "--marionette" "-foreground" "-no-remote" "-profile" "C:\\Users\\Admin\\AppData\\Local\\Temp\\rust_mozprofileeFzCTx"
1622373332890	Marionette	INFO	Marionette enabled
console.warn: SearchSettings: "get: No settings file exists, new profile?" (new Error("", "(unknown module)"))
1622373334856	Marionette	INFO	Listening on port 56833
1622373335221	Marionette	WARN	TLS certificate errors will be ignored for this session
1622373348482	Marionette	INFO	Stopped listening on port 56833

###!!! [Child][RunMessage] Error: Channel closing: too late to send/recv, messages will be lost

1622375446084	geckodriver	INFO	Listening on 127.0.0.1:60552
1622375449178	mozrunner::runner	INFO	Running command: "C:\\Program Files\\Mozilla Firefox\\firefox.exe" "--marionette" "-foreground" "-no-remote" "-profile" "C:\\Users\\Admin\\AppData\\Local\\Temp\\rust_mozprofileoU6ZEB"
1622375449546	Marionette	INFO	Marionette enabled
console.warn: SearchSettings: "get: No settings file exists, new profile?" (new Error("", "(unknown module)"))
1622375453663	Marionette	INFO	Listening on port 60561
1622375454014	Marionette	WARN	TLS certificate errors will be ignored for this session
1622375454016	Marionette	INFO	Proxy settings initialised: {"proxyType":"manual","ftpProxy":"219.92.3.149:8080","httpProxy":"219.92.3.149:8080","sslProxy":"219.92.3.149:8080"}
1622375611462	Marionette	INFO	Stopped listening on port 60561

###!!! [Child][RunMessage] Error: Channel closing: too late to send/recv, messages will be lost

1622375615824	geckodriver	INFO	Listening on 127.0.0.1:53794
1622375618894	mozrunner::runner	INFO	Running command: "C:\\Program Files\\Mozilla Firefox\\firefox.exe" "--marionette" "-foreground" "-no-remote" "-profile" "C:\\Users\\Admin\\AppData\\Local\\Temp\\rust_mozprofileVKY8iQ"
1622375619251	Marionette	INFO	Marionette enabled
console.warn: SearchSettings: "get: No settings file exists, new profile?" (new Error("", "(unknown module)"))
1622375620999	Marionette	INFO	Listening on port 53804
1622375621059	Marionette	WARN	TLS certificate errors will be ignored for this session
1622375621062	Marionette	INFO	Proxy settings initialised: {"proxyType":"manual","ftpProxy":"219.92.3.149:8080","httpProxy":"219.92.3.149:8080","sslProxy":"219.92.3.149:8080"}
JavaScript error: chrome://browser/content/aboutNetError.js, line 12: ReferenceError: RPMGetInnerMostURI is not defined
JavaScript error: https://22.list-org.ru/js/jquery.arcticmodal-0.3.min.js, line 22: ReferenceError: jQuery is not defined
JavaScript error: https://22.list-org.ru/js/jquery.rater-1.1.js, line 2: ReferenceError: $ is not defined
JavaScript error: https://22.list-org.ru/js/lightbox.min.js, line 9: ReferenceError: jQuery is not defined
JavaScript error: https://22.list-org.ru/59548-aasm_sibir_ooo.html, line 46: ReferenceError: ymaps is not defined
JavaScript error: https://22.list-org.ru/59548-aasm_sibir_ooo.html, line 52: ReferenceError: $ is not defined
JavaScript error: https://22.list-org.ru/59548-aasm_sibir_ooo.html, line 110: ReferenceError: jQuery is not defined
JavaScript error: https://22.list-org.ru/tpl/fbpopup.js, line 9: ReferenceError: jQuery is not defined
JavaScript error: https://22.list-org.ru/js/jwork.js, line 22: ReferenceError: $ is not defined
JavaScript error: https://22.list-org.ru/js/jwork.js, line 22: ReferenceError: $ is not defined
JavaScript error: https://22.list-org.ru/js/jwork.js, line 22: ReferenceError: $ is not defined
JavaScript error: https://22.list-org.ru/js/jwork.js, line 22: ReferenceError: $ is not defined
JavaScript error: https://22.list-org.ru/js/jwork.js, line 22: ReferenceError: $ is not defined
JavaScript error: https://22.list-org.ru/js/jwork.js, line 22: ReferenceError: $ is not defined
JavaScript error: https://22.list-org.ru/js/jwork.js, line 22: ReferenceError: $ is not defined
JavaScript error: https://22.list-org.ru/js/jwork.js, line 22: ReferenceError: $ is not defined
JavaScript error: https://22.list-org.ru/js/jwork.js, line 22: ReferenceError: $ is not defined
JavaScript error: https://22.list-org.ru/js/jwork.js, line 22: ReferenceError: $ is not defined
JavaScript error: https://22.list-org.ru/js/jwork.js, line 22: ReferenceError: $ is not defined
JavaScript error: https://22.list-org.ru/js/jwork.js, line 22: ReferenceError: $ is not defined
JavaScript error: https://22.list-org.ru/js/jwork.js, line 22: ReferenceError: $ is not defined
JavaScript error: https://22.list-org.ru/js/jwork.js, line 22: ReferenceError: $ is not defined
JavaScript error: https://22.list-org.ru/js/jwork.js, line 22: ReferenceError: $ is not defined
JavaScript error: https://22.list-org.ru/js/jwork.js, line 22: ReferenceError: $ is not defined
JavaScript error: https://22.list-org.ru/js/jwork.js, line 22: ReferenceError: $ is not defined
JavaScript error: https://22.list-org.ru/js/jwork.js, line 22: ReferenceError: $ is not defined
JavaScript error: https://22.list-org.ru/js/jwork.js, line 22: ReferenceError: $ is not defined
JavaScript error: https://22.list-org.ru/js/jwork.js, line 22: ReferenceError: $ is not defined
JavaScript error: https://22.list-org.ru/js/jwork.js, line 22: ReferenceError: $ is not defined
JavaScript error: https://22.list-org.ru/js/jwork.js, line 22: ReferenceError: $ is not defined
JavaScript error: https://22.list-org.ru/js/jwork.js, line 22: ReferenceError: $ is not defined
JavaScript error: https://22.list-org.ru/js/jwork.js, line 22: ReferenceError: $ is not defined
JavaScript error: https://22.list-org.ru/js/jwork.js, line 345: ReferenceError: $ is not defined
JavaScript error: https://22.list-org.ru/js/jwork.js, line 345: ReferenceError: $ is not defined
JavaScript error: https://22.list-org.ru/js/jwork.js, line 22: ReferenceError: $ is not defined
JavaScript error: https://22.list-org.ru/js/jwork.js, line 22: ReferenceError: $ is not defined
JavaScript error: https://22.list-org.ru/js/jwork.js, line 22: ReferenceError: $ is not defined
JavaScript error: https://22.list-org.ru/js/jwork.js, line 22: ReferenceError: $ is not defined
JavaScript error: https://22.list-org.ru/js/jwork.js, line 22: ReferenceError: $ is not defined
1622376130813	addons.xpi	ERROR	System addon update list error Error: Failed downloading XML, status: 0, reason: error
JavaScript error: https://22.list-org.ru/92979-17_sotok_magazin.htm, line 47: ReferenceError: ymaps is not defined
JavaScript error: https://22.list-org.ru/92979-17_sotok_magazin.htm, line 47: ReferenceError: ymaps is not defined
JavaScript error: https://22.list-org.ru/js/jwork.js, line 22: ReferenceError: $ is not defined
JavaScript error: https://22.list-org.ru/js/jwork.js, line 22: ReferenceError: $ is not defined
JavaScript error: https://22.list-org.ru/js/jwork.js, line 22: ReferenceError: $ is not defined
JavaScript error: https://22.list-org.ru/59548-aasm_sibir_ooo.html, line 46: ReferenceError: ymaps is not defined
JavaScript error: https://22.list-org.ru/59548-aasm_sibir_ooo.html, line 46: ReferenceError: ymaps is not defined
1622376363577	Marionette	INFO	Stopped listening on port 53804

###!!! [Child][RunMessage] Error: Channel closing: too late to send/recv, messages will be lost

1622376366685	geckodriver	INFO	Listening on 127.0.0.1:49723
1622376369745	mozrunner::runner	INFO	Running command: "C:\\Program Files\\Mozilla Firefox\\firefox.exe" "--marionette" "-foreground" "-no-remote" "-profile" "C:\\Users\\Admin\\AppData\\Local\\Temp\\rust_mozprofileNRUU7H"
1622376370108	Marionette	INFO	Marionette enabled
console.warn: SearchSettings: "get: No settings file exists, new profile?" (new Error("", "(unknown module)"))
1622376371807	Marionette	INFO	Listening on port 49731
1622376371926	Marionette	WARN	TLS certificate errors will be ignored for this session
1622376371929	Marionette	INFO	Proxy settings initialised: {"proxyType":"manual","ftpProxy":"219.92.3.149:8080","httpProxy":"219.92.3.149:8080","sslProxy":"219.92.3.149:8080"}
JavaScript error: https://22.list-org.ru/59548-aasm_sibir_ooo.html, line 46: ReferenceError: ymaps is not defined
JavaScript error: chrome://browser/content/aboutNetError.js, line 12: ReferenceError: RPMGetInnerMostURI is not defined
JavaScript error: https://22.list-org.ru/js/jquery.arcticmodal-0.3.min.js, line 22: ReferenceError: jQuery is not defined
JavaScript error: https://22.list-org.ru/js/lightbox.min.js, line 9: ReferenceError: jQuery is not defined
JavaScript error: https://22.list-org.ru/59548-aasm_sibir_ooo.html, line 46: ReferenceError: ymaps is not defined
JavaScript error: https://22.list-org.ru/59548-aasm_sibir_ooo.html, line 52: ReferenceError: $ is not defined
JavaScript error: https://22.list-org.ru/59548-aasm_sibir_ooo.html, line 110: ReferenceError: jQuery is not defined
JavaScript error: https://22.list-org.ru/tpl/fbpopup.js, line 9: ReferenceError: jQuery is not defined
JavaScript error: https://22.list-org.ru/js/jwork.js, line 22: ReferenceError: $ is not defined
JavaScript error: https://22.list-org.ru/js/jwork.js, line 22: ReferenceError: $ is not defined
JavaScript error: https://22.list-org.ru/js/jwork.js, line 22: ReferenceError: $ is not defined
JavaScript error: https://22.list-org.ru/js/jwork.js, line 22: ReferenceError: $ is not defined
JavaScript error: https://22.list-org.ru/js/jwork.js, line 22: ReferenceError: $ is not defined
JavaScript error: https://22.list-org.ru/js/jwork.js, line 22: ReferenceError: $ is not defined
JavaScript error: https://22.list-org.ru/js/jwork.js, line 22: ReferenceError: $ is not defined
JavaScript error: https://22.list-org.ru/js/jwork.js, line 22: ReferenceError: $ is not defined
JavaScript error: https://22.list-org.ru/js/jwork.js, line 22: ReferenceError: $ is not defined
JavaScript error: https://22.list-org.ru/js/jwork.js, line 22: ReferenceError: $ is not defined
JavaScript error: https://22.list-org.ru/js/jwork.js, line 22: ReferenceError: $ is not defined
JavaScript error: https://22.list-org.ru/js/jwork.js, line 22: ReferenceError: $ is not defined
JavaScript error: https://22.list-org.ru/js/jwork.js, line 22: ReferenceError: $ is not defined
JavaScript error: https://22.list-org.ru/js/jwork.js, line 22: ReferenceError: $ is not defined
JavaScript error: https://22.list-org.ru/js/jwork.js, line 22: ReferenceError: $ is not defined
JavaScript error: https://22.list-org.ru/js/jwork.js, line 22: ReferenceError: $ is not defined
JavaScript error: https://22.list-org.ru/js/jwork.js, line 22: ReferenceError: $ is not defined
JavaScript error: https://22.list-org.ru/59548-aasm_sibir_ooo.html, line 46: ReferenceError: ymaps is not defined
JavaScript error: https://22.list-org.ru/59548-aasm_sibir_ooo.html, line 46: ReferenceError: ymaps is not defined
1622376923159	Marionette	INFO	Stopped listening on port 49731

###!!! [Child][RunMessage] Error: Channel closing: too late to send/recv, messages will be lost

1622376955691	geckodriver	INFO	Listening on 127.0.0.1:60774
1622376958716	mozrunner::runner	INFO	Running command: "C:\\Program Files\\Mozilla Firefox\\firefox.exe" "--marionette" "-foreground" "-no-remote" "-profile" "C:\\Users\\Admin\\AppData\\Local\\Temp\\rust_mozprofile0DGzzv"
1622376959067	Marionette	INFO	Marionette enabled
console.warn: SearchSettings: "get: No settings file exists, new profile?" (new Error("", "(unknown module)"))
1622376960809	Marionette	INFO	Listening on port 60784
1622376960882	Marionette	WARN	TLS certificate errors will be ignored for this session
1622376960885	Marionette	INFO	Proxy settings initialised: {"proxyType":"manual","ftpProxy":"219.92.3.149:8080","httpProxy":"219.92.3.149:8080","sslProxy":"219.92.3.149:8080"}
JavaScript error: https://22.list-org.ru/js/jquery.arcticmodal-0.3.min.js, line 22: ReferenceError: jQuery is not defined
JavaScript error: https://22.list-org.ru/js/jquery.rater-1.1.js, line 2: ReferenceError: $ is not defined
JavaScript error: https://22.list-org.ru/js/lightbox.min.js, line 9: ReferenceError: jQuery is not defined
JavaScript error: https://22.list-org.ru/59548-aasm_sibir_ooo.html, line 52: ReferenceError: $ is not defined
JavaScript error: https://22.list-org.ru/59548-aasm_sibir_ooo.html, line 110: ReferenceError: jQuery is not defined
JavaScript error: https://22.list-org.ru/tpl/fbpopup.js, line 9: ReferenceError: jQuery is not defined
JavaScript error: https://22.list-org.ru/js/jwork.js, line 22: ReferenceError: $ is not defined
JavaScript error: https://22.list-org.ru/js/jwork.js, line 22: ReferenceError: $ is not defined
JavaScript error: https://22.list-org.ru/js/jwork.js, line 22: ReferenceError: $ is not defined
JavaScript error: https://22.list-org.ru/js/jwork.js, line 22: ReferenceError: $ is not defined
JavaScript error: https://22.list-org.ru/js/jwork.js, line 22: ReferenceError: $ is not defined
JavaScript error: https://22.list-org.ru/js/jwork.js, line 22: ReferenceError: $ is not defined
JavaScript error: https://22.list-org.ru/js/jwork.js, line 22: ReferenceError: $ is not defined
JavaScript error: https://22.list-org.ru/js/jwork.js, line 22: ReferenceError: $ is not defined
JavaScript error: https://22.list-org.ru/js/jwork.js, line 22: ReferenceError: $ is not defined
JavaScript error: https://22.list-org.ru/js/jwork.js, line 22: ReferenceError: $ is not defined
JavaScript error: https://22.list-org.ru/js/jwork.js, line 22: ReferenceError: $ is not defined
JavaScript error: https://22.list-org.ru/js/jwork.js, line 22: ReferenceError: $ is not defined
JavaScript error: https://22.list-org.ru/js/jwork.js, line 22: ReferenceError: $ is not defined
JavaScript error: https://22.list-org.ru/js/jwork.js, line 22: ReferenceError: $ is not defined
JavaScript error: https://22.list-org.ru/59548-aasm_sibir_ooo.html, line 46: ReferenceError: ymaps is not defined
1622377636420	Marionette	INFO	Stopped listening on port 60784

###!!! [Child][RunMessage] Error: Channel closing: too late to send/recv, messages will be lost

1622377665559	geckodriver	INFO	Listening on 127.0.0.1:65043
1622377668625	mozrunner::runner	INFO	Running command: "C:\\Program Files\\Mozilla Firefox\\firefox.exe" "--marionette" "-foreground" "-no-remote" "-profile" "C:\\Users\\Admin\\AppData\\Local\\Temp\\rust_mozprofilekAaqvq"
1622377668965	Marionette	INFO	Marionette enabled
console.warn: SearchSettings: "get: No settings file exists, new profile?" (new Error("", "(unknown module)"))
1622377670687	Marionette	INFO	Listening on port 65053
1622377670788	Marionette	WARN	TLS certificate errors will be ignored for this session
1622377670791	Marionette	INFO	Proxy settings initialised: {"proxyType":"manual","ftpProxy":"219.92.3.149:8080","httpProxy":"219.92.3.149:8080","sslProxy":"219.92.3.149:8080"}
1622377694491	Marionette	WARN	Ignoring event 'pageshow' because document has an invalid readyState of 'uninitialized'.
1622377743612	Marionette	INFO	Stopped listening on port 65053
1622377745862	geckodriver	INFO	Listening on 127.0.0.1:65286
1622377748929	mozrunner::runner	INFO	Running command: "C:\\Program Files\\Mozilla Firefox\\firefox.exe" "--marionette" "-foreground" "-no-remote" "-profile" "C:\\Users\\Admin\\AppData\\Local\\Temp\\rust_mozprofilelTxqe8"
1622377749263	Marionette	INFO	Marionette enabled
console.warn: SearchSettings: "get: No settings file exists, new profile?" (new Error("", "(unknown module)"))
1622377751084	Marionette	INFO	Listening on port 65294
1622377751577	Marionette	WARN	TLS certificate errors will be ignored for this session
1622377751579	Marionette	INFO	Proxy settings initialised: {"proxyType":"manual","ftpProxy":"219.92.3.149:8080","httpProxy":"219.92.3.149:8080","sslProxy":"219.92.3.149:8080"}
1622377784822	Marionette	INFO	Stopped listening on port 65294

###!!! [Child][RunMessage] Error: Channel closing: too late to send/recv, messages will be lost

1622377793643	geckodriver	INFO	Listening on 127.0.0.1:57437
1622377796718	mozrunner::runner	INFO	Running command: "C:\\Program Files\\Mozilla Firefox\\firefox.exe" "--marionette" "-foreground" "-no-remote" "-profile" "C:\\Users\\Admin\\AppData\\Local\\Temp\\rust_mozprofileYKdsX7"
1622377797058	Marionette	INFO	Marionette enabled
console.warn: SearchSettings: "get: No settings file exists, new profile?" (new Error("", "(unknown module)"))
1622377798754	Marionette	INFO	Listening on port 57445
1622377798870	Marionette	WARN	TLS certificate errors will be ignored for this session
1622377798872	Marionette	INFO	Proxy settings initialised: {"proxyType":"manual","ftpProxy":"219.92.3.149:8080","httpProxy":"219.92.3.149:8080","sslProxy":"219.92.3.149:8080"}
1622377894223	Marionette	INFO	Stopped listening on port 57445

###!!! [Child][RunMessage] Error: Channel closing: too late to send/recv, messages will be lost

1622377900363	geckodriver	INFO	Listening on 127.0.0.1:49207
1622377903429	mozrunner::runner	INFO	Running command: "C:\\Program Files\\Mozilla Firefox\\firefox.exe" "--marionette" "-foreground" "-no-remote" "-profile" "C:\\Users\\Admin\\AppData\\Local\\Temp\\rust_mozprofile0l7etW"
1622377903765	Marionette	INFO	Marionette enabled
console.warn: SearchSettings: "get: No settings file exists, new profile?" (new Error("", "(unknown module)"))
1622377905448	Marionette	INFO	Listening on port 49218
1622377905477	Marionette	WARN	TLS certificate errors will be ignored for this session
1622377905479	Marionette	INFO	Proxy settings initialised: {"proxyType":"manual","ftpProxy":"219.92.3.149:8080","httpProxy":"219.92.3.149:8080","sslProxy":"219.92.3.149:8080"}
1622377936993	Marionette	WARN	Ignoring event 'pageshow' because document has an invalid readyState of 'uninitialized'.
1622378011529	Marionette	INFO	Stopped listening on port 49218

###!!! [Child][RunMessage] Error: Channel closing: too late to send/recv, messages will be lost

1622378017767	geckodriver	INFO	Listening on 127.0.0.1:62991
1622378020802	mozrunner::runner	INFO	Running command: "C:\\Program Files\\Mozilla Firefox\\firefox.exe" "--marionette" "-foreground" "-no-remote" "-profile" "C:\\Users\\Admin\\AppData\\Local\\Temp\\rust_mozprofilefJ8FMT"
1622378021187	Marionette	INFO	Marionette enabled
console.warn: SearchSettings: "get: No settings file exists, new profile?" (new Error("", "(unknown module)"))
1622378022869	Marionette	INFO	Listening on port 63000
1622378022992	Marionette	WARN	TLS certificate errors will be ignored for this session
1622378022994	Marionette	INFO	Proxy settings initialised: {"proxyType":"manual","ftpProxy":"219.92.3.149:8080","httpProxy":"219.92.3.149:8080","sslProxy":"219.92.3.149:8080"}
1622378061811	Marionette	WARN	Ignoring event 'pageshow' because document has an invalid readyState of 'uninitialized'.
SourceActor threw an exception: Error: Failed to fetch https://www.facebook.com/v2.0/plugins/like_box.php?app_id=&channel=https%3A%2F%2Fstaticxx.facebook.com%2Fx%2Fconnect%2Fxd_arbiter%2F%3Fversion%3D46%23cb%3Dfaf5c1f0511c32%26domain%3D22.list-org.ru%26origin%3Dhttps%253A%252F%252F22.list-org.ru%252Ff39dce6c0bf3232%26relation%3Dparent.parent&color_scheme=light&container_width=304&header=true&height=290&href=https%3A%2F%2Fwww.facebook.com%2Fpages%2F1720345824927387&locale=en_US&sdk=joey&show_border=true&show_faces=true&stream=false&width=290. Code 2153390067.
Stack: onResponse@resource://devtools/shared/DevToolsUtils.js:556:16
onStopRequest@resource://gre/modules/NetUtil.jsm:128:18
Line: 556, column: 16
console.error: (new Error("Failed to fetch https://www.facebook.com/v2.0/plugins/like_box.php?app_id=&channel=https%3A%2F%2Fstaticxx.facebook.com%2Fx%2Fconnect%2Fxd_arbiter%2F%3Fversion%3D46%23cb%3Dfaf5c1f0511c32%26domain%3D22.list-org.ru%26origin%3Dhttps%253A%252F%252F22.list-org.ru%252Ff39dce6c0bf3232%26relation%3Dparent.parent&color_scheme=light&container_width=304&header=true&height=290&href=https%3A%2F%2Fwww.facebook.com%2Fpages%2F1720345824927387&locale=en_US&sdk=joey&show_border=true&show_faces=true&stream=false&width=290. Code 2153390067.", "resource://devtools/shared/DevToolsUtils.js", 556))
JavaScript error: resource://devtools/shared/DevToolsUtils.js, line 556: Error: Failed to fetch https://www.facebook.com/v2.0/plugins/like_box.php?app_id=&channel=https%3A%2F%2Fstaticxx.facebook.com%2Fx%2Fconnect%2Fxd_arbiter%2F%3Fversion%3D46%23cb%3Dfaf5c1f0511c32%26domain%3D22.list-org.ru%26origin%3Dhttps%253A%252F%252F22.list-org.ru%252Ff39dce6c0bf3232%26relation%3Dparent.parent&color_scheme=light&container_width=304&header=true&height=290&href=https%3A%2F%2Fwww.facebook.com%2Fpages%2F1720345824927387&locale=en_US&sdk=joey&show_border=true&show_faces=true&stream=false&width=290. Code 2153390067.
SourceActor threw an exception: Error: Failed to fetch https://22.list-org.ru/59548-aasm_sibir_ooo.html. Code 2153390067.
Stack: onResponse@resource://devtools/shared/DevToolsUtils.js:556:16
onStopRequest@resource://gre/modules/NetUtil.jsm:128:18
Line: 556, column: 16
console.error: (new Error("Failed to fetch https://22.list-org.ru/59548-aasm_sibir_ooo.html. Code 2153390067.", "resource://devtools/shared/DevToolsUtils.js", 556))
JavaScript error: resource://devtools/shared/DevToolsUtils.js, line 556: Error: Failed to fetch https://22.list-org.ru/59548-aasm_sibir_ooo.html. Code 2153390067.
1622378280264	Marionette	INFO	Stopped listening on port 63000

###!!! [Child][RunMessage] Error: Channel closing: too late to send/recv, messages will be lost

1622378282998	geckodriver	INFO	Listening on 127.0.0.1:65241
1622378286092	mozrunner::runner	INFO	Running command: "C:\\Program Files\\Mozilla Firefox\\firefox.exe" "--marionette" "-foreground" "-no-remote" "-profile" "C:\\Users\\Admin\\AppData\\Local\\Temp\\rust_mozprofileJu6ON2"
1622378286423	Marionette	INFO	Marionette enabled
console.warn: SearchSettings: "get: No settings file exists, new profile?" (new Error("", "(unknown module)"))
1622378288125	Marionette	INFO	Listening on port 65251
1622378288256	Marionette	WARN	TLS certificate errors will be ignored for this session
1622378288259	Marionette	INFO	Proxy settings initialised: {"proxyType":"manual","ftpProxy":"219.92.3.149:8080","httpProxy":"219.92.3.149:8080","sslProxy":"219.92.3.149:8080"}
1622378326038	Marionette	WARN	Ignoring event 'pageshow' because document has an invalid readyState of 'uninitialized'.
1622378764559	Marionette	INFO	Stopped listening on port 65251622378765014	mozrunner::runner	INFO	Running command: "C:\\Program Files\\Mozilla Firefox\\firefox.exe" "--marionette" "-foreground" "-no-remote" "-profile" "C:\\Users\\Admin\\AppData\\Local\\Temp\\rust_mozprofilePgZgA6"
1622378765356	Marionette	INFO	Marionette enabled
console.warn: SearchSettings: "get: No settings file exists, new profile?" (new Error("", "(unknown module)"))
1622378767166	Marionette	INFO	Listening on port 62013
1622378767193	Marionette	WARN	TLS certificate errors will be ignored for this session
1622378767195	Marionette	INFO	Proxy settings initialised: {"proxyType":"manual","ftpProxy":"219.92.3.149:8080","httpProxy":"219.92.3.149:8080","sslProxy":"219.92.3.149:8080"}
1622378778149	geckodriver	INFO	Listening on 127.0.0.1:62044
1622378781205	mozrunner::runner	INFO	Running command: "C:\\Program Files\\Mozilla Firefox\\firefox.exe" "--marionette" "-foreground" "-no-remote" "-profile" "C:\\Users\\Admin\\AppData\\Local\\Temp\\rust_mozprofileVEIdz3"
1622378781544	Marionette	INFO	Marionette enabled
console.warn: SearchSettings: "get: No settings file exists, new profile?" (new Error("", "(unknown module)"))
1622378783209	Marionette	INFO	Listening on port 62597
1622378783291	Marionette	WARN	TLS certificate errors will be ignored for this session
1622378783293	Marionette	INFO	Proxy settings initialised: {"proxyType":"manual","ftpProxy":"219.92.3.149:8080","httpProxy":"219.92.3.149:8080","sslProxy":"219.92.3.149:8080"}
SourceActor threw an exception: Error: Failed to fetch https://22.list-org.ru/59548-aasm_sibir_ooo.html. Code 2153390067.
Stack: onResponse@resource://devtools/shared/DevToolsUtils.js:556:16
onStopRequest@resource://gre/modules/NetUtil.jsm:128:18
Line: 556, column: 16
console.error: (new Error("Failed to fetch https://22.list-org.ru/59548-aasm_sibir_ooo.html. Code 2153390067.", "resource://devtools/shared/DevToolsUtils.js", 556))
JavaScript error: resource://devtools/shared/DevToolsUtils.js, line 556: Error: Failed to fetch https://22.list-org.ru/59548-aasm_sibir_ooo.html. Code 2153390067.
1622379009887	Marionette	INFO	Stopped listening on port 62597

###!!! [Child][RunMessage] Error: Channel closing: too late to send/recv, messages will be lost

1622379014505	geckodriver	INFO	Listening on 127.0.0.1:64026
1622379017561	mozrunner::runner	INFO	Running command: "C:\\Program Files\\Mozilla Firefox\\firefox.exe" "--marionette" "-foreground" "-no-remote" "-profile" "C:\\Users\\Admin\\AppData\\Local\\Temp\\rust_mozprofileUy11Fc"
1622379017897	Marionette	INFO	Marionette enabled
console.warn: SearchSettings: "get: No settings file exists, new profile?" (new Error("", "(unknown module)"))
1622379019582	Marionette	INFO	Listening on port 64040
1622379019613	Marionette	WARN	TLS certificate errors will be ignored for this session
1622379019616	Marionette	INFO	Proxy settings initialised: {"proxyType":"manual","ftpProxy":"219.92.3.149:8080","httpProxy":"219.92.3.149:8080","sslProxy":"219.92.3.149:8080"}
console.error: Region.jsm: "Error fetching region" (new Error("TIMEOUT", "resource://gre/modules/Region.jsm", 772))
console.error: Region.jsm: "Failed to fetch region" (new Error("TIMEOUT", "resource://gre/modules/Region.jsm", 419))
JavaScript error: https://22.list-org.ru/59548-aasm_sibir_ooo.html, line 125: TypeError: $.cookie is not a function
SourceActor threw an exception: Error: Failed to fetch https://www.facebook.com/v2.0/plugins/like_box.php?app_id=&channel=https%3A%2F%2Fstaticxx.facebook.com%2Fx%2Fconnect%2Fxd_arbiter%2F%3Fversion%3D46%23cb%3Df2e8bbe0501a56%26domain%3D22.list-org.ru%26origin%3Dhttps%253A%252F%252F22.list-org.ru%252Ff42260b7d5ac24%26relation%3Dparent.parent&color_scheme=light&container_width=304&header=true&height=290&href=https%3A%2F%2Fwww.facebook.com%2Fpages%2F1720345824927387&locale=en_US&sdk=joey&show_border=true&show_faces=true&stream=false&width=290. Code 2153390067.
Stack: onResponse@resource://devtools/shared/DevToolsUtils.js:556:16
onStopRequest@resource://gre/modules/NetUtil.jsm:128:18
Line: 556, column: 16
console.error: (new Error("Failed to fetch https://www.facebook.com/v2.0/plugins/like_box.php?app_id=&channel=https%3A%2F%2Fstaticxx.facebook.com%2Fx%2Fconnect%2Fxd_arbiter%2F%3Fversion%3D46%23cb%3Df2e8bbe0501a56%26domain%3D22.list-org.ru%26origin%3Dhttps%253A%252F%252F22.list-org.ru%252Ff42260b7d5ac24%26relation%3Dparent.parent&color_scheme=light&container_width=304&header=true&height=290&href=https%3A%2F%2Fwww.facebook.com%2Fpages%2F1720345824927387&locale=en_US&sdk=joey&show_border=true&show_faces=true&stream=false&width=290. Code 2153390067.", "resource://devtools/shared/DevToolsUtils.js", 556))
JavaScript error: resource://devtools/shared/DevToolsUtils.js, line 556: Error: Failed to fetch https://www.facebook.com/v2.0/plugins/like_box.php?app_id=&channel=https%3A%2F%2Fstaticxx.facebook.com%2Fx%2Fconnect%2Fxd_arbiter%2F%3Fversion%3D46%23cb%3Df2e8bbe0501a56%26domain%3D22.list-org.ru%26origin%3Dhttps%253A%252F%252F22.list-org.ru%252Ff42260b7d5ac24%26relation%3Dparent.parent&color_scheme=light&container_width=304&header=true&height=290&href=https%3A%2F%2Fwww.facebook.com%2Fpages%2F1720345824927387&locale=en_US&sdk=joey&show_border=true&show_faces=true&stream=false&width=290. Code 2153390067.
SourceActor threw an exception: Error: Failed to fetch https://22.list-org.ru/59548-aasm_sibir_ooo.html. Code 2153390067.
Stack: onResponse@resource://devtools/shared/DevToolsUtils.js:556:16
onStopRequest@resource://gre/modules/NetUtil.jsm:128:18
Line: 556, column: 16
console.error: (new Error("Failed to fetch https://22.list-org.ru/59548-aasm_sibir_ooo.html. Code 2153390067.", "resource://devtools/shared/DevToolsUtils.js", 556))
JavaScript error: resource://devtools/shared/DevToolsUtils.js, line 556: Error: Failed to fetch https://22.list-org.ru/59548-aasm_sibir_ooo.html. Code 2153390067.
1622379113583	Marionette	INFO	Stopped listening on port 64040
1622379118419	geckodriver	INFO	Listening on 127.0.0.1:56027
1622379121485	mozrunner::runner	INFO	Running command: "C:\\Program Files\\Mozilla Firefox\\firefox.exe" "--marionette" "-foreground" "-no-remote" "-profile" "C:\\Users\\Admin\\AppData\\Local\\Temp\\rust_mozprofiledcCNpX"
1622379121823	Marionette	INFO	Marionette enabled
console.warn: SearchSettings: "get: No settings file exists, new profile?" (new Error("", "(unknown module)"))
1622379123354	Marionette	INFO	Listening on port 56036
1622379123522	Marionette	WARN	TLS certificate errors will be ignored for this session
1622379123524	Marionette	INFO	Proxy settings initialised: {"proxyType":"manual","ftpProxy":"219.92.3.149:8080","httpProxy":"219.92.3.149:8080","sslProxy":"219.92.3.149:8080"}
JavaScript error: https://22.list-org.ru/js/jquery.arcticmodal-0.3.min.js, line 22: ReferenceError: jQuery is not defined
JavaScript error: https://22.list-org.ru/js/jquery.rater-1.1.js, line 2: ReferenceError: $ is not defined
JavaScript error: https://22.list-org.ru/js/lightbox.min.js, line 9: ReferenceError: jQuery is not defined
JavaScript error: https://22.list-org.ru/59548-aasm_sibir_ooo.html, line 52: ReferenceError: $ is not defined
JavaScript error: https://22.list-org.ru/59548-aasm_sibir_ooo.html, line 110: ReferenceError: jQuery is not defined
JavaScript error: https://22.list-org.ru/tpl/fbpopup.js, line 9: ReferenceError: jQuery is not defined
JavaScript error: https://www.facebook.com/v2.0/plugins/like_box.php?app_id=&channel=https%3A%2F%2Fstaticxx.facebook.com%2Fx%2Fconnect%2Fxd_arbiter%2F%3Fversion%3D46%23cb%3Df1a93107a99c742%26domain%3D22.list-org.ru%26origin%3Dhttps%253A%252F%252F22.list-org.ru%252Ff2c359ecb825018%26relation%3Dparent.parent&color_scheme=light&container_width=304&header=true&height=290&href=https%3A%2F%2Fwww.facebook.com%2Fpages%2F1720345824927387&locale=en_US&sdk=joey&show_border=true&show_faces=true&stream=false&width=290, line 23: ReferenceError: requireLazy is not defined
JavaScript error: https://www.facebook.com/v2.0/plugins/like_box.php?app_id=&channel=https%3A%2F%2Fstaticxx.facebook.com%2Fx%2Fconnect%2Fxd_arbiter%2F%3Fversion%3D46%23cb%3Df1a93107a99c742%26domain%3D22.list-org.ru%26origin%3Dhttps%253A%252F%252F22.list-org.ru%252Ff2c359ecb825018%26relation%3Dparent.parent&color_scheme=light&container_width=304&header=true&height=290&href=https%3A%2F%2Fwww.facebook.com%2Fpages%2F1720345824927387&locale=en_US&sdk=joey&show_border=true&show_faces=true&stream=false&width=290, line 24: ReferenceError: requireLazy is not defined
JavaScript error: https://www.facebook.com/v2.0/plugins/like_box.php?app_id=&channel=https%3A%2F%2Fstaticxx.facebook.com%2Fx%2Fconnect%2Fxd_arbiter%2F%3Fversion%3D46%23cb%3Df1a93107a99c742%26domain%3D22.list-org.ru%26origin%3Dhttps%253A%252F%252F22.list-org.ru%252Ff2c359ecb825018%26relation%3Dparent.parent&color_scheme=light&container_width=304&header=true&height=290&href=https%3A%2F%2Fwww.facebook.com%2Fpages%2F1720345824927387&locale=en_US&sdk=joey&show_border=true&show_faces=true&stream=false&width=290, line 25: ReferenceError: requireLazy is not defined
JavaScript error: https://www.facebook.com/v2.0/plugins/like_box.php?app_id=&channel=https%3A%2F%2Fstaticxx.facebook.com%2Fx%2Fconnect%2Fxd_arbiter%2F%3Fversion%3D46%23cb%3Df1a93107a99c742%26domain%3D22.list-org.ru%26origin%3Dhttps%253A%252F%252F22.list-org.ru%252Ff2c359ecb825018%26relation%3Dparent.parent&color_scheme=light&container_width=304&header=true&height=290&href=https%3A%2F%2Fwww.facebook.com%2Fpages%2F1720345824927387&locale=en_US&sdk=joey&show_border=true&show_faces=true&stream=false&width=290, line 26: ReferenceError: requireLazy is not defined
JavaScript error: https://22.list-org.ru/js/jwork.js, line 22: ReferenceError: $ is not defined
JavaScript error: https://22.list-org.ru/js/jwork.js, line 22: ReferenceError: $ is not defined
JavaScript error: https://22.list-org.ru/js/jwork.js, line 22: ReferenceError: $ is not defined
JavaScript error: https://22.list-org.ru/js/jwork.js, line 22: ReferenceError: $ is not defined
JavaScript error: https://22.list-org.ru/js/jwork.js, line 22: ReferenceError: $ is not defined
JavaScript error: https://22.list-org.ru/59548-aasm_sibir_ooo.html, line 46: ReferenceError: ymaps is not defined
1622379323645	Marionette	INFO	Stopped listening on port 56036

###!!! [Child][RunMessage] Error: Channel closing: too late to send/recv, messages will be lost

1622379328584	geckodriver	INFO	Listening on 127.0.0.1:64374
1622379331659	mozrunner::runner	INFO	Running command: "C:\\Program Files\\Mozilla Firefox\\firefox.exe" "--marionette" "-foreground" "-no-remote" "-profile" "C:\\Users\\Admin\\AppData\\Local\\Temp\\rust_mozprofilexkOjqB"
1622379332033	Marionette	INFO	Marionette enabled
console.warn: SearchSettings: "get: No settings file exists, new profile?" (new Error("", "(unknown module)"))
1622379333756	Marionette	INFO	Listening on port 64382
1622379333844	Marionette	WARN	TLS certificate errors will be ignored for this session
1622379333846	Marionette	INFO	Proxy settings initialised: {"proxyType":"manual","ftpProxy":"219.92.3.149:8080","httpProxy":"219.92.3.149:8080","sslProxy":"219.92.3.149:8080"}
console.error: Region.jsm: "Error fetching region" (new Error("TIMEOUT", "resource://gre/modules/Region.jsm", 772))
console.error: Region.jsm: "Failed to fetch region" (new Error("TIMEOUT", "resource://gre/modules/Region.jsm", 419))
1622379367439	Marionette	WARN	Ignoring event 'pageshow' because document has an invalid readyState of 'uninitialized'.
JavaScript error: https://22.list-org.ru/59548-aasm_sibir_ooo.html, line 46: ReferenceError: ymaps is not defined
1622379449817	Marionette	INFO	Stopped listening on port 64382

###!!! [Child][RunMessage] Error: Channel closing: too late to send/recv, messages will be lost

1622379483520	geckodriver	INFO	Listening on 127.0.0.1:62850
1622379486586	mozrunner::runner	INFO	Running command: "C:\\Program Files\\Mozilla Firefox\\firefox.exe" "--marionette" "-foreground" "-no-remote" "-profile" "C:\\Users\\Admin\\AppData\\Local\\Temp\\rust_mozprofile05U7eL"
1622379486930	Marionette	INFO	Marionette enabled
console.warn: SearchSettings: "get: No settings file exists, new profile?" (new Error("", "(unknown module)"))
1622379488559	Marionette	INFO	Listening on port 62861
1622379488647	Marionette	WARN	TLS certificate errors will be ignored for this session
1622379488649	Marionette	INFO	Proxy settings initialised: {"proxyType":"manual","ftpProxy":"219.92.3.149:8080","httpProxy":"219.92.3.149:8080","sslProxy":"219.92.3.149:8080"}
1622379996866	Marionette	INFO	Stopped listening on port 62861

###!!! [Child][RunMessage] Error: Channel closing: too late to send/recv, messages will be lost

1622380002424	geckodriver	INFO	Listening on 127.0.0.1:57689
1622380005490	mozrunner::runner	INFO	Running command: "C:\\Program Files\\Mozilla Firefox\\firefox.exe" "--marionette" "-foreground" "-no-remote" "-profile" "C:\\Users\\Admin\\AppData\\Local\\Temp\\rust_mozprofilef2QVpJ"
1622380005829	Marionette	INFO	Marionette enabled
console.warn: SearchSettings: "get: No settings file exists, new profile?" (new Error("", "(unknown module)"))
1622380007825	Marionette	INFO	Listening on port 57699
1622380008178	Marionette	WARN	TLS certificate errors will be ignored for this session
1622380008180	Marionette	INFO	Proxy settings initialised: {"proxyType":"manual","ftpProxy":"219.92.3.149:8080","httpProxy":"219.92.3.149:8080","sslProxy":"219.92.3.149:8080"}
JavaScript error: https://22.list-org.ru/js/jquery.arcticmodal-0.3.min.js, line 22: ReferenceError: jQuery is not defined
JavaScript error: https://22.list-org.ru/js/jquery.rater-1.1.js, line 2: ReferenceError: $ is not defined
JavaScript error: https://22.list-org.ru/js/lightbox.min.js, line 9: ReferenceError: jQuery is not defined
JavaScript error: https://22.list-org.ru/59548-aasm_sibir_ooo.html, line 52: ReferenceError: $ is not defined
JavaScript error: https://22.list-org.ru/59548-aasm_sibir_ooo.html, line 110: ReferenceError: jQuery is not defined
JavaScript error: https://22.list-org.ru/tpl/fbpopup.js, line 9: ReferenceError: jQuery is not defined
JavaScript error: https://22.list-org.ru/js/jwork.js, line 22: ReferenceError: $ is not defined
1622380093828	Marionette	INFO	Stopped listening on port 57699
1622380095790	geckodriver	INFO	Listening on 127.0.0.1:49346
1622380098841	mozrunner::runner	INFO	Running command: "C:\\Program Files\\Mozilla Firefox\\firefox.exe" "--marionette" "-foreground" "-no-remote" "-profile" "C:\\Users\\Admin\\AppData\\Local\\Temp\\rust_mozprofileUEJmhX"
1622380099200	Marionette	INFO	Marionette enabled
console.warn: SearchSettings: "get: No settings file exists, new profile?" (new Error("", "(unknown module)"))
1622380100964	Marionette	INFO	Listening on port 49354
1622380101006	Marionette	WARN	TLS certificate errors will be ignored for this session
1622380101008	Marionette	INFO	Proxy settings initialised: {"proxyType":"manual","ftpProxy":"219.92.3.149:8080","httpProxy":"219.92.3.149:8080","sslProxy":"219.92.3.149:8080"}
1622380150586	Marionette	WARN	Ignoring event 'pageshow' because document has an invalid readyState of 'uninitialized'.
JavaScript error: https://22.list-org.ru/59548-aasm_sibir_ooo.html, line 46: ReferenceError: ymaps is not defined
1622380518175	Marionette	INFO	Stopped listening on port 49354

###!!! [Child][RunMessage] Error: Channel closing: too late to send/recv, messages will be lost

1622380540581	geckodriver	INFO	Listening on 127.0.0.1:61987
1622380543648	mozrunner::runner	INFO	Running command: "C:\\Program Files\\Mozilla Firefox\\firefox.exe" "--marionette" "-foreground" "-no-remote" "-profile" "C:\\Users\\Admin\\AppData\\Local\\Temp\\rust_mozprofileSg2Jjj"
1622380543982	Marionette	INFO	Marionette enabled
console.warn: SearchSettings: "get: No settings file exists, new profile?" (new Error("", "(unknown module)"))
1622380545607	Marionette	INFO	Listening on port 61996
1622380545701	Marionette	WARN	TLS certificate errors will be ignored for this session
1622380545703	Marionette	INFO	Proxy settings initialised: {"proxyType":"manual","ftpProxy":"219.92.3.149:8080","httpProxy":"219.92.3.149:8080","sslProxy":"219.92.3.149:8080"}
console.error: services.settings: 
  main/fxmonitor-breaches Signature failed  TypeError: NetworkError when attempting to fetch resource.
JavaScript error: chrome://browser/content/aboutNetError.js, line 365: InvalidStateError: An attempt was made to use an object that is not, or is no longer, usable
JavaScript error: chrome://browser/content/aboutNetError.js, line 365: InvalidStateError: An attempt was made to use an object that is not, or is no longer, usable
1622380602574	Marionette	INFO	Stopped listening on port 61996

###!!! [Child][RunMessage] Error: Channel closing: too late to send/recv, messages will be lost

1622380616214	geckodriver	INFO	Listening on 127.0.0.1:63125
1622380619262	mozrunner::runner	INFO	Running command: "C:\\Program Files\\Mozilla Firefox\\firefox.exe" "--marionette" "-foreground" "-no-remote" "-profile" "C:\\Users\\Admin\\AppData\\Local\\Temp\\rust_mozprofileCoU7qL"
1622380619614	Marionette	INFO	Marionette enabled
console.warn: SearchSettings: "get: No settings file exists, new profile?" (new Error("", "(unknown module)"))
1622380621239	Marionette	INFO	Listening on port 63134
1622380621326	Marionette	WARN	TLS certificate errors will be ignored for this session
1622380621328	Marionette	INFO	Proxy settings initialised: {"proxyType":"manual","ftpProxy":"219.92.3.149:8080","httpProxy":"219.92.3.149:8080","sslProxy":"219.92.3.149:8080"}
JavaScript error: chrome://browser/content/aboutNetError.js, line 365: InvalidStateError: An attempt was made to use an object that is not, or is no longer, usable
1622380642117	Marionette	INFO	Stopped listening on port 63134
1622380738371	geckodriver	INFO	Listening on 127.0.0.1:52613
1622380741442	mozrunner::runner	INFO	Running command: "C:\\Program Files\\Mozilla Firefox\\firefox.exe" "--marionette" "-foreground" "-no-remote" "-profile" "C:\\Users\\Admin\\AppData\\Local\\Temp\\rust_mozprofileXrsOJ2"
1622380741808	Marionette	INFO	Marionette enabled
console.warn: SearchSettings: "get: No settings file exists, new profile?" (new Error("", "(unknown module)"))
1622380743364	Marionette	INFO	Listening on port 52621
1622380743501	Marionette	WARN	TLS certificate errors will be ignored for this session
1622380743503	Marionette	INFO	Proxy settings initialised: {"proxyType":"manual","ftpProxy":"198.24.170.122:8001","httpProxy":"198.24.170.122:8001","sslProxy":"198.24.170.122:8001"}
1622380807462	Marionette	INFO	Stopped listening on port 52621

###!!! [Child][RunMessage] Error: Channel closing: too late to send/recv, messages will be lost

1622380956888	geckodriver	INFO	Listening on 127.0.0.1:49160
1622380959960	mozrunner::runner	INFO	Running command: "C:\\Program Files\\Mozilla Firefox\\firefox.exe" "--marionette" "-foreground" "-no-remote" "-profile" "C:\\Users\\Admin\\AppData\\Local\\Temp\\rust_mozprofileYqJlJ7"
1622380960300	Marionette	INFO	Marionette enabled
console.warn: SearchSettings: "get: No settings file exists, new profile?" (new Error("", "(unknown module)"))
1622380961840	Marionette	INFO	Listening on port 49169
1622380962010	Marionette	WARN	TLS certificate errors will be ignored for this session
1622380962012	Marionette	INFO	Proxy settings initialised: {"proxyType":"manual","ftpProxy":"87.237.234.187:3128","httpProxy":"87.237.234.187:3128","sslProxy":"87.237.234.187:3128"}
JavaScript error: https://22.list-org.ru/js/jquery.arcticmodal-0.3.min.js, line 22: ReferenceError: jQuery is not defined
JavaScript error: https://22.list-org.ru/js/jquery.rater-1.1.js, line 2: ReferenceError: $ is not defined
JavaScript error: https://22.list-org.ru/js/lightbox.min.js, line 9: ReferenceError: jQuery is not defined
JavaScript error: https://22.list-org.ru/59548-aasm_sibir_ooo.html, line 46: ReferenceError: ymaps is not defined
JavaScript error: https://22.list-org.ru/59548-aasm_sibir_ooo.html, line 52: ReferenceError: $ is not defined
JavaScript error: https://22.list-org.ru/59548-aasm_sibir_ooo.html, line 110: ReferenceError: jQuery is not defined
JavaScript error: https://22.list-org.ru/tpl/fbpopup.js, line 9: ReferenceError: jQuery is not defined
1622380969414	Marionette	WARN	Ignoring event 'pageshow' because document has an invalid readyState of 'uninitialized'.
JavaScript error: chrome://browser/content/aboutNetError.js, line 365: InvalidStateError: An attempt was made to use an object that is not, or is no longer, usable
JavaScript error: https://22.list-org.ru/js/jwork.js, line 22: ReferenceError: $ is not defined
JavaScript error: https://22.list-org.ru/js/jwork.js, line 22: ReferenceError: $ is not defined
JavaScript error: https://22.list-org.ru/js/jwork.js, line 22: ReferenceError: $ is not defined
JavaScript error: https://22.list-org.ru/js/jwork.js, line 22: ReferenceError: $ is not defined
1622381057634	Marionette	INFO	Stopped listening on port 49169

###!!! [Child][RunMessage] Error: Channel closing: too late to send/recv, messages will be lost

1622381062573	geckodriver	INFO	Listening on 127.0.0.1:64971
1622381065633	mozrunner::runner	INFO	Running command: "C:\\Program Files\\Mozilla Firefox\\firefox.exe" "--marionette" "-foreground" "-no-remote" "-profile" "C:\\Users\\Admin\\AppData\\Local\\Temp\\rust_mozprofileGkhHN6"
1622381065979	Marionette	INFO	Marionette enabled
console.warn: SearchSettings: "get: No settings file exists, new profile?" (new Error("", "(unknown module)"))
1622381067557	Marionette	INFO	Listening on port 64979
1622381067695	Marionette	WARN	TLS certificate errors will be ignored for this session
1622381067697	Marionette	INFO	Proxy settings initialised: {"proxyType":"manual","ftpProxy":"87.237.234.187:3128","httpProxy":"87.237.234.187:3128","sslProxy":"87.237.234.187:3128"}
console.error: services.settings: 
  main/fxmonitor-breaches Signature failed  TypeError: NetworkError when attempting to fetch resource.
JavaScript error: https://22.list-org.ru/js/jquery.arcticmodal-0.3.min.js, line 22: ReferenceError: jQuery is not defined
JavaScript error: https://22.list-org.ru/js/jquery.rater-1.1.js, line 2: ReferenceError: $ is not defined
JavaScript error: https://22.list-org.ru/js/lightbox.min.js, line 9: ReferenceError: jQuery is not defined
console.error: services.settings: 
  main/partitioning-exempt-urls Signature failed  TypeError: NetworkError when attempting to fetch resource.
console.error: services.settings: 
  main/cfr-fxa Signature failed  TypeError: NetworkError when attempting to fetch resource.
console.error: services.settings: 
  main/cfr Signature failed  TypeError: NetworkError when attempting to fetch resource.
JavaScript error: https://22.list-org.ru/59548-aasm_sibir_ooo.html, line 46: ReferenceError: ymaps is not defined
JavaScript error: https://22.list-org.ru/59548-aasm_sibir_ooo.html, line 52: ReferenceError: $ is not defined
JavaScript error: https://22.list-org.ru/59548-aasm_sibir_ooo.html, line 110: ReferenceError: jQuery is not defined
JavaScript error: https://22.list-org.ru/tpl/fbpopup.js, line 9: ReferenceError: jQuery is not defined
console.error: services.settings: 
  main/whats-new-panel Signature failed  TypeError: NetworkError when attempting to fetch resource.
JavaScript error: https://22.list-org.ru/js/jwork.js, line 22: ReferenceError: $ is not defined
JavaScript error: https://22.list-org.ru/js/jwork.js, line 22: ReferenceError: $ is not defined
JavaScript error: https://22.list-org.ru/js/jwork.js, line 22: ReferenceError: $ is not defined
JavaScript error: https://22.list-org.ru/js/jwork.js, line 22: ReferenceError: $ is not defined
JavaScript error: https://22.list-org.ru/js/jwork.js, line 22: ReferenceError: $ is not defined
JavaScript error: https://22.list-org.ru/js/jwork.js, line 22: ReferenceError: $ is not defined
JavaScript error: https://22.list-org.ru/js/jwork.js, line 22: ReferenceError: $ is not defined
JavaScript error: chrome://browser/content/aboutNetError.js, line 365: InvalidStateError: An attempt was made to use an object that is not, or is no longer, usable
JavaScript error: chrome://browser/content/aboutNetError.js, line 365: InvalidStateError: An attempt was made to use an object that is not, or is no longer, usable
1622381160345	Marionette	INFO	Stopped listening on port 64979

###!!! [Child][RunMessage] Error: Channel closing: too late to send/recv, messages will be lost

1622381163282	geckodriver	INFO	Listening on 127.0.0.1:55064
1622381166348	mozrunner::runner	INFO	Running command: "C:\\Program Files\\Mozilla Firefox\\firefox.exe" "--marionette" "-foreground" "-no-remote" "-profile" "C:\\Users\\Admin\\AppData\\Local\\Temp\\rust_mozprofileXv1anv"
1622381166708	Marionette	INFO	Marionette enabled
console.warn: SearchSettings: "get: No settings file exists, new profile?" (new Error("", "(unknown module)"))
1622381168596	Marionette	INFO	Listening on port 55072
1622381168996	Marionette	WARN	TLS certificate errors will be ignored for this session
1622381168998	Marionette	INFO	Proxy settings initialised: {"proxyType":"manual","ftpProxy":"87.237.234.187:3128","httpProxy":"87.237.234.187:3128","sslProxy":"87.237.234.187:3128"}
JavaScript error: https://22.list-org.ru/js/jquery.arcticmodal-0.3.min.js, line 22: ReferenceError: jQuery is not defined
JavaScript error: https://22.list-org.ru/js/jquery.rater-1.1.js, line 2: ReferenceError: $ is not defined
JavaScript error: https://22.list-org.ru/js/lightbox.min.js, line 9: ReferenceError: jQuery is not defined
JavaScript error: https://22.list-org.ru/59548-aasm_sibir_ooo.html, line 52: ReferenceError: $ is not defined
JavaScript error: https://22.list-org.ru/59548-aasm_sibir_ooo.html, line 110: ReferenceError: jQuery is not defined
JavaScript error: https://22.list-org.ru/tpl/fbpopup.js, line 9: ReferenceError: jQuery is not defined
JavaScript error: https://22.list-org.ru/js/jwork.js, line 22: ReferenceError: $ is not defined
JavaScript error: https://22.list-org.ru/js/jwork.js, line 22: ReferenceError: $ is not defined
JavaScript error: https://22.list-org.ru/js/jwork.js, line 22: ReferenceError: $ is not defined
JavaScript error: https://22.list-org.ru/js/jwork.js, line 22: ReferenceError: $ is not defined
JavaScript error: https://22.list-org.ru/js/jwork.js, line 22: ReferenceError: $ is not defined
JavaScript error: https://22.list-org.ru/js/jwork.js, line 22: ReferenceError: $ is not defined
JavaScript error: https://22.list-org.ru/js/jwork.js, line 22: ReferenceError: $ is not defined
JavaScript error: https://22.list-org.ru/js/jwork.js, line 22: ReferenceError: $ is not defined
JavaScript error: https://22.list-org.ru/js/jwork.js, line 22: ReferenceError: $ is not defined
1622381224749	Marionette	INFO	Stopped listening on port 55072
1622390252760	geckodriver	INFO	Listening on 127.0.0.1:57018
1622390255778	mozrunner::runner	INFO	Running command: "C:\\Program Files\\Mozilla Firefox\\firefox.exe" "--marionette" "-foreground" "-no-remote" "-profile" "C:\\Users\\Admin\\AppData\\Local\\Temp\\rust_mozprofileD8Vgcr"
1622390256833	Marionette	INFO	Marionette enabled
console.warn: SearchSettings: "get: No settings file exists, new profile?" (new Error("", "(unknown module)"))
1622390259509	Marionette	INFO	Listening on port 57027
1622390260004	Marionette	WARN	TLS certificate errors will be ignored for this session
1622390260007	Marionette	INFO	Proxy settings initialised: {"proxyType":"manual","ftpProxy":"87.237.234.187:3128","httpProxy":"87.237.234.187:3128","sslProxy":"87.237.234.187:3128"}
JavaScript error: https://22.list-org.ru/js/jquery.arcticmodal-0.3.min.js, line 22: ReferenceError: jQuery is not defined
JavaScript error: https://22.list-org.ru/js/jquery.rater-1.1.js, line 2: ReferenceError: $ is not defined
JavaScript error: https://22.list-org.ru/js/lightbox.min.js, line 9: ReferenceError: jQuery is not defined
JavaScript error: https://22.list-org.ru/59548-aasm_sibir_ooo.html, line 52: ReferenceError: $ is not defined
JavaScript error: https://22.list-org.ru/59548-aasm_sibir_ooo.html, line 110: ReferenceError: jQuery is not defined
JavaScript error: https://22.list-org.ru/tpl/fbpopup.js, line 9: ReferenceError: jQuery is not defined
1622390271093	Marionette	WARN	Ignoring event 'pageshow' because document has an invalid readyState of 'uninitialized'.
JavaScript error: chrome://browser/content/aboutNetError.js, line 365: InvalidStateError: An attempt was made to use an object that is not, or is no longer, usable
JavaScript error: https://22.list-org.ru/js/jwork.js, line 22: ReferenceError: $ is not defined
JavaScript error: https://22.list-org.ru/js/jwork.js, line 22: ReferenceError: $ is not defined
JavaScript error: https://22.list-org.ru/js/jwork.js, line 22: ReferenceError: $ is not defined
JavaScript error: https://22.list-org.ru/js/jwork.js, line 22: ReferenceError: $ is not defined
JavaScript error: https://22.list-org.ru/js/jwork.js, line 22: ReferenceError: $ is not defined
JavaScript error: https://22.list-org.ru/js/jwork.js, line 22: ReferenceError: $ is not defined
JavaScript error: https://22.list-org.ru/js/jwork.js, line 22: ReferenceError: $ is not defined
JavaScript error: https://22.list-org.ru/js/jwork.js, line 22: ReferenceError: $ is not defined
JavaScript error: chrome://browser/content/aboutNetError.js, line 365: InvalidStateError: An attempt was made to use an object that is not, or is no longer, usable
JavaScript error: chrome://browser/content/aboutNetError.js, line 365: InvalidStateError: An attempt was made to use an object that is not, or is no longer, usable
JavaScript error: chrome://browser/content/aboutNetError.js, line 365: InvalidStateError: An attempt was made to use an object that is not, or is no longer, usable
JavaScript error: https://22.list-org.ru/js/jquery.arcticmodal-0.3.min.js, line 22: ReferenceError: jQuery is not defined
JavaScript error: https://22.list-org.ru/js/jquery.rater-1.1.js, line 2: ReferenceError: $ is not defined
JavaScript error: https://22.list-org.ru/js/lightbox.min.js, line 9: ReferenceError: jQuery is not defined
JavaScript error: https://22.list-org.ru/59548-aasm_sibir_ooo.html, line 52: ReferenceError: $ is not defined
JavaScript error: https://22.list-org.ru/59548-aasm_sibir_ooo.html, line 110: ReferenceError: jQuery is not defined
JavaScript error: https://22.list-org.ru/tpl/fbpopup.js, line 9: ReferenceError: jQuery is not defined
JavaScript error: https://22.list-org.ru/js/jwork.js, line 22: ReferenceError: $ is not defined
JavaScript error: https://22.list-org.ru/js/jwork.js, line 22: ReferenceError: $ is not defined
JavaScript error: https://22.list-org.ru/js/jwork.js, line 22: ReferenceError: $ is not defined
JavaScript error: https://22.list-org.ru/js/jwork.js, line 22: ReferenceError: $ is not defined
JavaScript error: https://22.list-org.ru/js/jwork.js, line 22: ReferenceError: $ is not defined
JavaScript error: https://22.list-org.ru/js/jwork.js, line 22: ReferenceError: $ is not defined
JavaScript error: https://22.list-org.ru/js/jwork.js, line 22: ReferenceError: $ is not defined
JavaScript error: https://22.list-org.ru/js/jwork.js, line 22: ReferenceError: $ is not defined
JavaScript error: https://22.list-org.ru/js/jwork.js, line 22: ReferenceError: $ is not defined
JavaScript error: https://22.list-org.ru/js/jwork.js, line 22: ReferenceError: $ is not defined
JavaScript error: https://22.list-org.ru/js/jwork.js, line 22: ReferenceError: $ is not defined
JavaScript error: https://22.list-org.ru/js/jwork.js, line 22: ReferenceError: $ is not defined
JavaScript error: https://22.list-org.ru/js/jwork.js, line 22: ReferenceError: $ is not defined
JavaScript error: https://22.list-org.ru/js/jwork.js, line 22: ReferenceError: $ is not defined
JavaScript error: https://22.list-org.ru/js/jwork.js, line 22: ReferenceError: $ is not defined
JavaScript error: https://22.list-org.ru/js/jwork.js, line 22: ReferenceError: $ is not defined
JavaScript error: https://22.list-org.ru/js/jwork.js, line 22: ReferenceError: $ is not defined
JavaScript error: https://22.list-org.ru/js/jwork.js, line 22: ReferenceError: $ is not defined
JavaScript error: https://22.list-org.ru/js/jwork.js, line 22: ReferenceError: $ is not defined
JavaScript error: https://22.list-org.ru/js/jwork.js, line 22: ReferenceError: $ is not defined
JavaScript error: https://22.list-org.ru/js/jwork.js, line 22: ReferenceError: $ is not defined
JavaScript error: https://22.list-org.ru/js/jwork.js, line 22: ReferenceError: $ is not defined
JavaScript error: https://22.list-org.ru/js/jwork.js, line 22: ReferenceError: $ is not defined
JavaScript error: https://22.list-org.ru/js/jwork.js, line 22: ReferenceError: $ is not defined
JavaScript error: https://22.list-org.ru/js/jwork.js, line 22: ReferenceError: $ is not defined
JavaScript error: https://22.list-org.ru/js/jwork.js, line 22: ReferenceError: $ is not defined
JavaScript error: https://22.list-org.ru/js/jwork.js, line 22: ReferenceError: $ is not defined
JavaScript error: https://22.list-org.ru/js/jwork.js, line 22: ReferenceError: $ is not defined
JavaScript error: https://22.list-org.ru/js/jwork.js, line 22: ReferenceError: $ is not defined
JavaScript error: https://22.list-org.ru/js/jwork.js, line 22: ReferenceError: $ is not defined
JavaScript error: https://22.list-org.ru/js/jwork.js, line 22: ReferenceError: $ is not defined
JavaScript error: https://22.list-org.ru/js/jwork.js, line 22: ReferenceError: $ is not defined
JavaScript error: https://22.list-org.ru/js/jwork.js, line 22: ReferenceError: $ is not defined
JavaScript error: https://22.list-org.ru/js/jwork.js, line 22: ReferenceError: $ is not defined
JavaScript error: https://22.list-org.ru/js/jwork.js, line 22: ReferenceError: $ is not defined
JavaScript error: https://22.list-org.ru/js/jwork.js, line 22: ReferenceError: $ is not defined
JavaScript error: https://22.list-org.ru/js/jwork.js, line 22: ReferenceError: $ is not defined
JavaScript error: https://22.list-org.ru/js/jwork.js, line 22: ReferenceError: $ is not defined
1622390560282	Marionette	INFO	Stopped listening on port 57027

###!!! [Child][RunMessage] Error: Channel closing: too late to send/recv, messages will be lost

